<?xml version="1.0" encoding="UTF-8"?>
<!-- Generated by org.testng.reporters.JUnitReportReporter -->
<testsuite name="seleniumGrid.MultiBrowser" tests="3" time="70.585" ignored="0" failures="0" timestamp="12 Feb 2017 23:26:06 GMT" skipped="0" hostname="koke-TOSH" errors="1">
  <testcase name="calculatepercent" time="31.677" classname="seleniumGrid.MultiBrowser"/>
  <testcase name="calculatepercent" time="18.265" classname="seleniumGrid.MultiBrowser">
    <error type="org.openqa.selenium.NoSuchElementException" message="Unable to locate element: .//*[@id=&#039;content&#039;]/p[2]/font/b
For documentation on this error, please visit: http://seleniumhq.org/exceptions/no_such_element.html
Build info: version: &#039;3.0.1&#039;, revision: &#039;1969d75&#039;, time: &#039;2016-10-18 09:48:19 -0700&#039;
System info: host: &#039;koke-TOSH&#039;, ip: &#039;192.168.99.1&#039;, os.name: &#039;Windows 10&#039;, os.arch: &#039;amd64&#039;, os.version: &#039;10.0&#039;, java.version: &#039;1.8.0_121&#039;
Driver info: org.openqa.selenium.firefox.FirefoxDriver
Capabilities [{rotatable=false, raisesAccessibilityExceptions=false, marionette=true, firefoxOptions={args=[], profile=UEsDBBQACAgIAPq6TEoAAAAAAAAAAAAAAAAHAAAAdXNlci5qc51WTW/bMAy971cMOW3AKqTretlOXdcBA4Z1aFDsKMgSbauRJU0fcfPvR/mjSRNHbndKbJMS+fj4yOjBUeugfLconGnxiXhWQvdf6oo0TLXMAQHNCgVi8eFtyZSH91/exJ2nYAFtrHEhudTAVKj7Z4JGG8ln/DWE1rg1qUOwxNbS19uz9Nky788U6CrU6Pjx8vK52xiwAybwR0AAHkB8l86HK4yFK0C34OJhuKbBvB4pr51pgHrupA3URU2DbJLLxXL6osAKTxAOfauvlfEwnc1oLUyrlWEC79KsSsDWpv1Tg14hWgmpaXeLQdng02W0MYKpGexhE4xRnoBzxnGjvVH7cB+n72WljUbUGmgKcKvu0edz8eC9RKtgkAsOfETcSgyUcsd8nfdVUq+JsaApPAZwmqlUzFczqExlvYt6+rIWCuHkBp8Z54DljBoz90gHysEFP4nEU6Wkt4ptQdycL1e/DDInlfbTtDG+Erf6j9RYX3++JBIvMvd3P9FjwQoTw+dCMb1eHHOuT4gypeiDRzBSnLKH/ji2RysRbrQlbS0DKOkDHvA3SneKCYkGaxnI0E0j6zC5xIUsAIphYbAB8lTzibfRkhq7xuLZtAXFUwdFl0q6OEg5VVt3rCHRYoGBaIS23N6jyat1JNrUSjfZ8IBHJ8MWmaIA/xEfnOSBGicrqak1SvJtnqoaWmw7MuSTqeazQPuTSXq5ikUju1b53b286sj4Mt2cPCab8VN3DoVJRUHLE+q160NMs+34e9yIpizRDs6YtZ4g+0xLiy0VULKowrScjLBzbwf+TEd7zIcs20Y6I/dRqYLbkl4ZO/uPc7bZo0dEbu5/XpELwnZFOk7vgW1YPyGyonpYirFH8jw6jtvBQzfEspf0NE3H5/PcQ5zFYL71SrDiSIIkOufLUxran0o1C/hIYQN6RkH3JuMtMmw2nEIZvu407UWF8sAcrwfazE3dhvTkJiI2Nls0JPmLqPiMLwYBclJMC+qRBh2Kz8X05tOL9dnYfciiEGdG8mB7QlmGFWd+t9kbnL4b67vBiQoUO6nOIpeYNR3EXuuYftJ1K9APfd1vKSeXs2Fk0U6sBMKoK5rkf4YkNeC05DXw9bder772X14/zQgTQqaI2cwgmNyZ/3dXVqaq0sthictK/14vdRlfozRitxZSJfZpWdVBnRh2e67jjf+jbHRsBNLgWtgRcZFWSQcHGO02mbR5IrFxf5xZZXZ9r0ofbb8B7JaMf1BLBwh1hce1pQMAALUMAABQSwECFAAUAAgICAD6ukxKdYXHtaUDAAC1DAAABwAAAAAAAAAAAAAAAAAAAAAAdXNlci5qc1BLBQYAAAAAAQABADUAAADaAwAAAAA=}, appBuildId=20170125094131, version=, platform=XP, proxy={}, command_id=1, specificationLevel=0, acceptSslCerts=false, processId=42772, browserVersion=51.0.1, platformVersion=10.0, XULappId={ec8030f7-c20a-464f-9b0e-13a3a9e97384}, browserName=firefox, takesScreenshot=true, takesElementScreenshot=true, platformName=windows_nt}]
Session ID: c776329c-0764-4da5-807e-0af2b6c2e79c
*** Element info: {Using=xpath, value=.//*[@id=&#039;content&#039;]/p[2]/font/b}
Command duration or timeout: 13.96 seconds
For documentation on this error, please visit: http://seleniumhq.org/exceptions/no_such_element.html
Build info: version: &#039;3.0.1&#039;, revision: &#039;1969d75&#039;, time: &#039;2016-10-18 09:49:13 -0700&#039;
System info: host: &#039;koke-TOSH&#039;, ip: &#039;192.168.99.1&#039;, os.name: &#039;Windows 10&#039;, os.arch: &#039;amd64&#039;, os.version: &#039;10.0&#039;, java.version: &#039;1.8.0_121&#039;
Driver info: org.openqa.selenium.remote.RemoteWebDriver
Capabilities [{rotatable=false, raisesAccessibilityExceptions=false, marionette=true, firefoxOptions={args=[], profile=UEsDBBQACAgIAPq6TEoAAAAAAAAAAAAAAAAHAAAAdXNlci5qc51WTW/bMAy971cMOW3AKqTretlOXdcBA4Z1aFDsKMgSbauRJU0fcfPvR/mjSRNHbndKbJMS+fj4yOjBUeugfLconGnxiXhWQvdf6oo0TLXMAQHNCgVi8eFtyZSH91/exJ2nYAFtrHEhudTAVKj7Z4JGG8ln/DWE1rg1qUOwxNbS19uz9Nky788U6CrU6Pjx8vK52xiwAybwR0AAHkB8l86HK4yFK0C34OJhuKbBvB4pr51pgHrupA3URU2DbJLLxXL6osAKTxAOfauvlfEwnc1oLUyrlWEC79KsSsDWpv1Tg14hWgmpaXeLQdng02W0MYKpGexhE4xRnoBzxnGjvVH7cB+n72WljUbUGmgKcKvu0edz8eC9RKtgkAsOfETcSgyUcsd8nfdVUq+JsaApPAZwmqlUzFczqExlvYt6+rIWCuHkBp8Z54DljBoz90gHysEFP4nEU6Wkt4ptQdycL1e/DDInlfbTtDG+Erf6j9RYX3++JBIvMvd3P9FjwQoTw+dCMb1eHHOuT4gypeiDRzBSnLKH/ji2RysRbrQlbS0DKOkDHvA3SneKCYkGaxnI0E0j6zC5xIUsAIphYbAB8lTzibfRkhq7xuLZtAXFUwdFl0q6OEg5VVt3rCHRYoGBaIS23N6jyat1JNrUSjfZ8IBHJ8MWmaIA/xEfnOSBGicrqak1SvJtnqoaWmw7MuSTqeazQPuTSXq5ikUju1b53b286sj4Mt2cPCab8VN3DoVJRUHLE+q160NMs+34e9yIpizRDs6YtZ4g+0xLiy0VULKowrScjLBzbwf+TEd7zIcs20Y6I/dRqYLbkl4ZO/uPc7bZo0dEbu5/XpELwnZFOk7vgW1YPyGyonpYirFH8jw6jtvBQzfEspf0NE3H5/PcQ5zFYL71SrDiSIIkOufLUxran0o1C/hIYQN6RkH3JuMtMmw2nEIZvu407UWF8sAcrwfazE3dhvTkJiI2Nls0JPmLqPiMLwYBclJMC+qRBh2Kz8X05tOL9dnYfciiEGdG8mB7QlmGFWd+t9kbnL4b67vBiQoUO6nOIpeYNR3EXuuYftJ1K9APfd1vKSeXs2Fk0U6sBMKoK5rkf4YkNeC05DXw9bder772X14/zQgTQqaI2cwgmNyZ/3dXVqaq0sthictK/14vdRlfozRitxZSJfZpWdVBnRh2e67jjf+jbHRsBNLgWtgRcZFWSQcHGO02mbR5IrFxf5xZZXZ9r0ofbb8B7JaMf1BLBwh1hce1pQMAALUMAABQSwECFAAUAAgICAD6ukxKdYXHtaUDAAC1DAAABwAAAAAAAAAAAAAAAAAAAAAAdXNlci5qc1BLBQYAAAAAAQABADUAAADaAwAAAAA=}, appBuildId=20170125094131, version=, platform=XP, proxy={}, command_id=1, specificationLevel=0, acceptSslCerts=false, processId=42772, webdriver.remote.sessionid=a1a4f2b5-af60-4c56-a098-9bdc96d219da, browserVersion=51.0.1, platformVersion=10.0, XULappId={ec8030f7-c20a-464f-9b0e-13a3a9e97384}, browserName=firefox, takesScreenshot=true, takesElementScreenshot=true, javascriptEnabled=true, platformName=windows_nt, cssSelectorsEnabled=true}]
Session ID: a1a4f2b5-af60-4c56-a098-9bdc96d219da
*** Element info: {Using=xpath, value=.//*[@id=&#039;content&#039;]/p[2]/font/b}">
      <![CDATA[org.openqa.selenium.NoSuchElementException: Unable to locate element: .//*[@id='content']/p[2]/font/b
For documentation on this error, please visit: http://seleniumhq.org/exceptions/no_such_element.html
Build info: version: '3.0.1', revision: '1969d75', time: '2016-10-18 09:48:19 -0700'
System info: host: 'koke-TOSH', ip: '192.168.99.1', os.name: 'Windows 10', os.arch: 'amd64', os.version: '10.0', java.version: '1.8.0_121'
Driver info: org.openqa.selenium.firefox.FirefoxDriver
Capabilities [{rotatable=false, raisesAccessibilityExceptions=false, marionette=true, firefoxOptions={args=[], profile=UEsDBBQACAgIAPq6TEoAAAAAAAAAAAAAAAAHAAAAdXNlci5qc51WTW/bMAy971cMOW3AKqTretlOXdcBA4Z1aFDsKMgSbauRJU0fcfPvR/mjSRNHbndKbJMS+fj4yOjBUeugfLconGnxiXhWQvdf6oo0TLXMAQHNCgVi8eFtyZSH91/exJ2nYAFtrHEhudTAVKj7Z4JGG8ln/DWE1rg1qUOwxNbS19uz9Nky788U6CrU6Pjx8vK52xiwAybwR0AAHkB8l86HK4yFK0C34OJhuKbBvB4pr51pgHrupA3URU2DbJLLxXL6osAKTxAOfauvlfEwnc1oLUyrlWEC79KsSsDWpv1Tg14hWgmpaXeLQdng02W0MYKpGexhE4xRnoBzxnGjvVH7cB+n72WljUbUGmgKcKvu0edz8eC9RKtgkAsOfETcSgyUcsd8nfdVUq+JsaApPAZwmqlUzFczqExlvYt6+rIWCuHkBp8Z54DljBoz90gHysEFP4nEU6Wkt4ptQdycL1e/DDInlfbTtDG+Erf6j9RYX3++JBIvMvd3P9FjwQoTw+dCMb1eHHOuT4gypeiDRzBSnLKH/ji2RysRbrQlbS0DKOkDHvA3SneKCYkGaxnI0E0j6zC5xIUsAIphYbAB8lTzibfRkhq7xuLZtAXFUwdFl0q6OEg5VVt3rCHRYoGBaIS23N6jyat1JNrUSjfZ8IBHJ8MWmaIA/xEfnOSBGicrqak1SvJtnqoaWmw7MuSTqeazQPuTSXq5ikUju1b53b286sj4Mt2cPCab8VN3DoVJRUHLE+q160NMs+34e9yIpizRDs6YtZ4g+0xLiy0VULKowrScjLBzbwf+TEd7zIcs20Y6I/dRqYLbkl4ZO/uPc7bZo0dEbu5/XpELwnZFOk7vgW1YPyGyonpYirFH8jw6jtvBQzfEspf0NE3H5/PcQ5zFYL71SrDiSIIkOufLUxran0o1C/hIYQN6RkH3JuMtMmw2nEIZvu407UWF8sAcrwfazE3dhvTkJiI2Nls0JPmLqPiMLwYBclJMC+qRBh2Kz8X05tOL9dnYfciiEGdG8mB7QlmGFWd+t9kbnL4b67vBiQoUO6nOIpeYNR3EXuuYftJ1K9APfd1vKSeXs2Fk0U6sBMKoK5rkf4YkNeC05DXw9bder772X14/zQgTQqaI2cwgmNyZ/3dXVqaq0sthictK/14vdRlfozRitxZSJfZpWdVBnRh2e67jjf+jbHRsBNLgWtgRcZFWSQcHGO02mbR5IrFxf5xZZXZ9r0ofbb8B7JaMf1BLBwh1hce1pQMAALUMAABQSwECFAAUAAgICAD6ukxKdYXHtaUDAAC1DAAABwAAAAAAAAAAAAAAAAAAAAAAdXNlci5qc1BLBQYAAAAAAQABADUAAADaAwAAAAA=}, appBuildId=20170125094131, version=, platform=XP, proxy={}, command_id=1, specificationLevel=0, acceptSslCerts=false, processId=42772, browserVersion=51.0.1, platformVersion=10.0, XULappId={ec8030f7-c20a-464f-9b0e-13a3a9e97384}, browserName=firefox, takesScreenshot=true, takesElementScreenshot=true, platformName=windows_nt}]
Session ID: c776329c-0764-4da5-807e-0af2b6c2e79c
*** Element info: {Using=xpath, value=.//*[@id='content']/p[2]/font/b}
Command duration or timeout: 13.96 seconds
For documentation on this error, please visit: http://seleniumhq.org/exceptions/no_such_element.html
Build info: version: '3.0.1', revision: '1969d75', time: '2016-10-18 09:49:13 -0700'
System info: host: 'koke-TOSH', ip: '192.168.99.1', os.name: 'Windows 10', os.arch: 'amd64', os.version: '10.0', java.version: '1.8.0_121'
Driver info: org.openqa.selenium.remote.RemoteWebDriver
Capabilities [{rotatable=false, raisesAccessibilityExceptions=false, marionette=true, firefoxOptions={args=[], profile=UEsDBBQACAgIAPq6TEoAAAAAAAAAAAAAAAAHAAAAdXNlci5qc51WTW/bMAy971cMOW3AKqTretlOXdcBA4Z1aFDsKMgSbauRJU0fcfPvR/mjSRNHbndKbJMS+fj4yOjBUeugfLconGnxiXhWQvdf6oo0TLXMAQHNCgVi8eFtyZSH91/exJ2nYAFtrHEhudTAVKj7Z4JGG8ln/DWE1rg1qUOwxNbS19uz9Nky788U6CrU6Pjx8vK52xiwAybwR0AAHkB8l86HK4yFK0C34OJhuKbBvB4pr51pgHrupA3URU2DbJLLxXL6osAKTxAOfauvlfEwnc1oLUyrlWEC79KsSsDWpv1Tg14hWgmpaXeLQdng02W0MYKpGexhE4xRnoBzxnGjvVH7cB+n72WljUbUGmgKcKvu0edz8eC9RKtgkAsOfETcSgyUcsd8nfdVUq+JsaApPAZwmqlUzFczqExlvYt6+rIWCuHkBp8Z54DljBoz90gHysEFP4nEU6Wkt4ptQdycL1e/DDInlfbTtDG+Erf6j9RYX3++JBIvMvd3P9FjwQoTw+dCMb1eHHOuT4gypeiDRzBSnLKH/ji2RysRbrQlbS0DKOkDHvA3SneKCYkGaxnI0E0j6zC5xIUsAIphYbAB8lTzibfRkhq7xuLZtAXFUwdFl0q6OEg5VVt3rCHRYoGBaIS23N6jyat1JNrUSjfZ8IBHJ8MWmaIA/xEfnOSBGicrqak1SvJtnqoaWmw7MuSTqeazQPuTSXq5ikUju1b53b286sj4Mt2cPCab8VN3DoVJRUHLE+q160NMs+34e9yIpizRDs6YtZ4g+0xLiy0VULKowrScjLBzbwf+TEd7zIcs20Y6I/dRqYLbkl4ZO/uPc7bZo0dEbu5/XpELwnZFOk7vgW1YPyGyonpYirFH8jw6jtvBQzfEspf0NE3H5/PcQ5zFYL71SrDiSIIkOufLUxran0o1C/hIYQN6RkH3JuMtMmw2nEIZvu407UWF8sAcrwfazE3dhvTkJiI2Nls0JPmLqPiMLwYBclJMC+qRBh2Kz8X05tOL9dnYfciiEGdG8mB7QlmGFWd+t9kbnL4b67vBiQoUO6nOIpeYNR3EXuuYftJ1K9APfd1vKSeXs2Fk0U6sBMKoK5rkf4YkNeC05DXw9bder772X14/zQgTQqaI2cwgmNyZ/3dXVqaq0sthictK/14vdRlfozRitxZSJfZpWdVBnRh2e67jjf+jbHRsBNLgWtgRcZFWSQcHGO02mbR5IrFxf5xZZXZ9r0ofbb8B7JaMf1BLBwh1hce1pQMAALUMAABQSwECFAAUAAgICAD6ukxKdYXHtaUDAAC1DAAABwAAAAAAAAAAAAAAAAAAAAAAdXNlci5qc1BLBQYAAAAAAQABADUAAADaAwAAAAA=}, appBuildId=20170125094131, version=, platform=XP, proxy={}, command_id=1, specificationLevel=0, acceptSslCerts=false, processId=42772, webdriver.remote.sessionid=a1a4f2b5-af60-4c56-a098-9bdc96d219da, browserVersion=51.0.1, platformVersion=10.0, XULappId={ec8030f7-c20a-464f-9b0e-13a3a9e97384}, browserName=firefox, takesScreenshot=true, takesElementScreenshot=true, javascriptEnabled=true, platformName=windows_nt, cssSelectorsEnabled=true}]
Session ID: a1a4f2b5-af60-4c56-a098-9bdc96d219da
*** Element info: {Using=xpath, value=.//*[@id='content']/p[2]/font/b}
	at sun.reflect.NativeConstructorAccessorImpl.newInstance0(Native Method)
	at sun.reflect.NativeConstructorAccessorImpl.newInstance(Unknown Source)
	at sun.reflect.DelegatingConstructorAccessorImpl.newInstance(Unknown Source)
	at java.lang.reflect.Constructor.newInstance(Unknown Source)
	at org.openqa.selenium.remote.ErrorHandler.createThrowable(ErrorHandler.java:216)
	at org.openqa.selenium.remote.ErrorHandler.throwIfResponseFailed(ErrorHandler.java:168)
	at org.openqa.selenium.remote.RemoteWebDriver.execute(RemoteWebDriver.java:635)
	at org.openqa.selenium.remote.RemoteWebDriver.findElement(RemoteWebDriver.java:368)
	at org.openqa.selenium.remote.RemoteWebDriver.findElementByXPath(RemoteWebDriver.java:473)
	at org.openqa.selenium.By$ByXPath.findElement(By.java:361)
	at org.openqa.selenium.remote.RemoteWebDriver.findElement(RemoteWebDriver.java:360)
	at seleniumGrid.MultiBrowser.calculatepercent(MultiBrowser.java:108)
	at sun.reflect.NativeMethodAccessorImpl.invoke0(Native Method)
	at sun.reflect.NativeMethodAccessorImpl.invoke(Unknown Source)
	at sun.reflect.DelegatingMethodAccessorImpl.invoke(Unknown Source)
	at java.lang.reflect.Method.invoke(Unknown Source)
	at org.testng.internal.MethodInvocationHelper.invokeMethod(MethodInvocationHelper.java:104)
	at org.testng.internal.Invoker.invokeMethod(Invoker.java:645)
	at org.testng.internal.Invoker.invokeTestMethod(Invoker.java:851)
	at org.testng.internal.Invoker.invokeTestMethods(Invoker.java:1177)
	at org.testng.internal.TestMethodWorker.invokeTestMethods(TestMethodWorker.java:129)
	at org.testng.internal.TestMethodWorker.run(TestMethodWorker.java:112)
	at org.testng.TestRunner.privateRun(TestRunner.java:756)
	at org.testng.TestRunner.run(TestRunner.java:610)
	at org.testng.SuiteRunner.runTest(SuiteRunner.java:387)
	at org.testng.SuiteRunner.access$000(SuiteRunner.java:39)
	at org.testng.SuiteRunner$SuiteWorker.run(SuiteRunner.java:421)
	at org.testng.internal.thread.ThreadUtil$2.call(ThreadUtil.java:64)
	at java.util.concurrent.FutureTask.run(Unknown Source)
	at java.util.concurrent.ThreadPoolExecutor.runWorker(Unknown Source)
	at java.util.concurrent.ThreadPoolExecutor$Worker.run(Unknown Source)
	at java.lang.Thread.run(Unknown Source)
Caused by: org.openqa.selenium.remote.ScreenshotException: Screen shot has been taken
Build info: version: '3.0.1', revision: '1969d75', time: '2016-10-18 09:49:13 -0700'
System info: host: 'koke-TOSH', ip: '192.168.99.1', os.name: 'Windows 10', os.arch: 'amd64', os.version: '10.0', java.version: '1.8.0_121'
Driver info: driver.version: RemoteWebDriver
	at org.openqa.selenium.remote.ErrorHandler.throwIfResponseFailed(ErrorHandler.java:142)
	... 26 more
Caused by: org.openqa.selenium.NoSuchElementException: Unable to locate element: .//*[@id='content']/p[2]/font/b
For documentation on this error, please visit: http://seleniumhq.org/exceptions/no_such_element.html
Build info: version: '3.0.1', revision: '1969d75', time: '2016-10-18 09:48:19 -0700'
System info: host: 'koke-TOSH', ip: '192.168.99.1', os.name: 'Windows 10', os.arch: 'amd64', os.version: '10.0', java.version: '1.8.0_121'
Driver info: org.openqa.selenium.firefox.FirefoxDriver
Capabilities [{rotatable=false, raisesAccessibilityExceptions=false, marionette=true, firefoxOptions={args=[], profile=UEsDBBQACAgIAPq6TEoAAAAAAAAAAAAAAAAHAAAAdXNlci5qc51WTW/bMAy971cMOW3AKqTretlOXdcBA4Z1aFDsKMgSbauRJU0fcfPvR/mjSRNHbndKbJMS+fj4yOjBUeugfLconGnxiXhWQvdf6oo0TLXMAQHNCgVi8eFtyZSH91/exJ2nYAFtrHEhudTAVKj7Z4JGG8ln/DWE1rg1qUOwxNbS19uz9Nky788U6CrU6Pjx8vK52xiwAybwR0AAHkB8l86HK4yFK0C34OJhuKbBvB4pr51pgHrupA3URU2DbJLLxXL6osAKTxAOfauvlfEwnc1oLUyrlWEC79KsSsDWpv1Tg14hWgmpaXeLQdng02W0MYKpGexhE4xRnoBzxnGjvVH7cB+n72WljUbUGmgKcKvu0edz8eC9RKtgkAsOfETcSgyUcsd8nfdVUq+JsaApPAZwmqlUzFczqExlvYt6+rIWCuHkBp8Z54DljBoz90gHysEFP4nEU6Wkt4ptQdycL1e/DDInlfbTtDG+Erf6j9RYX3++JBIvMvd3P9FjwQoTw+dCMb1eHHOuT4gypeiDRzBSnLKH/ji2RysRbrQlbS0DKOkDHvA3SneKCYkGaxnI0E0j6zC5xIUsAIphYbAB8lTzibfRkhq7xuLZtAXFUwdFl0q6OEg5VVt3rCHRYoGBaIS23N6jyat1JNrUSjfZ8IBHJ8MWmaIA/xEfnOSBGicrqak1SvJtnqoaWmw7MuSTqeazQPuTSXq5ikUju1b53b286sj4Mt2cPCab8VN3DoVJRUHLE+q160NMs+34e9yIpizRDs6YtZ4g+0xLiy0VULKowrScjLBzbwf+TEd7zIcs20Y6I/dRqYLbkl4ZO/uPc7bZo0dEbu5/XpELwnZFOk7vgW1YPyGyonpYirFH8jw6jtvBQzfEspf0NE3H5/PcQ5zFYL71SrDiSIIkOufLUxran0o1C/hIYQN6RkH3JuMtMmw2nEIZvu407UWF8sAcrwfazE3dhvTkJiI2Nls0JPmLqPiMLwYBclJMC+qRBh2Kz8X05tOL9dnYfciiEGdG8mB7QlmGFWd+t9kbnL4b67vBiQoUO6nOIpeYNR3EXuuYftJ1K9APfd1vKSeXs2Fk0U6sBMKoK5rkf4YkNeC05DXw9bder772X14/zQgTQqaI2cwgmNyZ/3dXVqaq0sthictK/14vdRlfozRitxZSJfZpWdVBnRh2e67jjf+jbHRsBNLgWtgRcZFWSQcHGO02mbR5IrFxf5xZZXZ9r0ofbb8B7JaMf1BLBwh1hce1pQMAALUMAABQSwECFAAUAAgICAD6ukxKdYXHtaUDAAC1DAAABwAAAAAAAAAAAAAAAAAAAAAAdXNlci5qc1BLBQYAAAAAAQABADUAAADaAwAAAAA=}, appBuildId=20170125094131, version=, platform=XP, proxy={}, command_id=1, specificationLevel=0, acceptSslCerts=false, processId=42772, browserVersion=51.0.1, platformVersion=10.0, XULappId={ec8030f7-c20a-464f-9b0e-13a3a9e97384}, browserName=firefox, takesScreenshot=true, takesElementScreenshot=true, platformName=windows_nt}]
Session ID: c776329c-0764-4da5-807e-0af2b6c2e79c
*** Element info: {Using=xpath, value=.//*[@id='content']/p[2]/font/b}
For documentation on this error, please visit: http://seleniumhq.org/exceptions/no_such_element.html
Build info: version: '3.0.1', revision: '1969d75', time: '2016-10-18 09:49:13 -0700'
System info: host: 'koke-TOSH', ip: '192.168.99.1', os.name: 'Windows 10', os.arch: 'amd64', os.version: '10.0', java.version: '1.8.0_121'
Driver info: driver.version: EventFiringWebDriver
	at sun.reflect.NativeConstructorAccessorImpl.newInstance0(Native Method)
	at sun.reflect.NativeConstructorAccessorImpl.newInstance(Unknown Source)
	at sun.reflect.DelegatingConstructorAccessorImpl.newInstance(Unknown Source)
	at java.lang.reflect.Constructor.newInstance(Unknown Source)
	at org.openqa.selenium.remote.http.W3CHttpResponseCodec.createException(W3CHttpResponseCodec.java:127)
	at org.openqa.selenium.remote.http.W3CHttpResponseCodec.decode(W3CHttpResponseCodec.java:93)
	at org.openqa.selenium.remote.http.W3CHttpResponseCodec.decode(W3CHttpResponseCodec.java:42)
	at org.openqa.selenium.remote.HttpCommandExecutor.execute(HttpCommandExecutor.java:163)
	at org.openqa.selenium.remote.service.DriverCommandExecutor.execute(DriverCommandExecutor.java:82)
	at org.openqa.selenium.remote.RemoteWebDriver.execute(RemoteWebDriver.java:601)
	at org.openqa.selenium.remote.RemoteWebDriver.findElement(RemoteWebDriver.java:368)
	at org.openqa.selenium.remote.RemoteWebDriver.findElementByXPath(RemoteWebDriver.java:473)
	at org.openqa.selenium.By$ByXPath.findElement(By.java:361)
	at org.openqa.selenium.remote.RemoteWebDriver.findElement(RemoteWebDriver.java:360)
	at sun.reflect.GeneratedMethodAccessor16.invoke(Unknown Source)
	at sun.reflect.DelegatingMethodAccessorImpl.invoke(Unknown Source)
	at java.lang.reflect.Method.invoke(Unknown Source)
	at org.openqa.selenium.support.events.EventFiringWebDriver$2.invoke(EventFiringWebDriver.java:103)
	at com.sun.proxy.$Proxy9.findElement(Unknown Source)
	at org.openqa.selenium.support.events.EventFiringWebDriver.findElement(EventFiringWebDriver.java:187)
	at org.openqa.selenium.remote.server.handler.FindElement.call(FindElement.java:48)
	at org.openqa.selenium.remote.server.handler.FindElement.call(FindElement.java:33)
	at java.util.concurrent.FutureTask.run(Unknown Source)
	at org.openqa.selenium.remote.server.DefaultSession$1.run(DefaultSession.java:176)
	... 3 more
]]>
    </error>
  </testcase> <!-- calculatepercent -->
  <testcase name="calculatepercent" time="20.643" classname="seleniumGrid.MultiBrowser"/>
</testsuite> <!-- seleniumGrid.MultiBrowser -->
